<?xml version="1.0" encoding="UTF-8"?>
<testng-results ignored="0" total="2" passed="2" failed="0" skipped="0">
  <reporter-output>
  </reporter-output>
  <suite started-at="2022-06-09T10:44:28 IST" name="Suite" finished-at="2022-06-09T10:45:01 IST" duration-ms="33316">
    <groups>
    </groups>
    <test started-at="2022-06-09T10:44:28 IST" name="Test" finished-at="2022-06-09T10:45:01 IST" duration-ms="33316">
      <class name="com.xamplify.automation.Login">
        <test-method signature="Openingthebrowser()[pri:1, instance:com.xamplify.automation.Login@3f4b840d]" started-at="2022-06-09T10:44:28 IST" name="Openingthebrowser" finished-at="2022-06-09T10:44:52 IST" duration-ms="23676" status="PASS">
          <reporter-output>
          </reporter-output>
        </test-method> <!-- Openingthebrowser -->
        <test-method signature="Signinprocess()[pri:2, instance:com.xamplify.automation.Login@3f4b840d]" started-at="2022-06-09T10:44:52 IST" name="Signinprocess" finished-at="2022-06-09T10:45:01 IST" duration-ms="9564" status="PASS">
          <reporter-output>
          </reporter-output>
        </test-method> <!-- Signinprocess -->
      </class> <!-- com.xamplify.automation.Login -->
    </test> <!-- Test -->
  </suite> <!-- Suite -->
</testng-results>
