<?xml version="1.0" encoding="UTF-8"?>
<testng-results skipped="0" failed="0" ignored="0" total="2" passed="2">
  <reporter-output>
  </reporter-output>
  <suite name="Suite" duration-ms="35358" started-at="2022-11-22T12:31:37 IST" finished-at="2022-11-22T12:32:13 IST">
    <groups>
    </groups>
    <test name="Test" duration-ms="35358" started-at="2022-11-22T12:31:37 IST" finished-at="2022-11-22T12:32:13 IST">
      <class name="com.xamplify.automation.Login">
        <test-method status="PASS" signature="Openingthebrowser()[pri:1, instance:com.xamplify.automation.Login@2e8ab815]" name="Openingthebrowser" duration-ms="25805" started-at="2022-11-22T12:31:37 IST" finished-at="2022-11-22T12:32:03 IST">
          <reporter-output>
          </reporter-output>
        </test-method> <!-- Openingthebrowser -->
        <test-method status="PASS" signature="Signinprocess()[pri:2, instance:com.xamplify.automation.Login@2e8ab815]" name="Signinprocess" duration-ms="9471" started-at="2022-11-22T12:32:03 IST" finished-at="2022-11-22T12:32:13 IST">
          <reporter-output>
          </reporter-output>
        </test-method> <!-- Signinprocess -->
      </class> <!-- com.xamplify.automation.Login -->
    </test> <!-- Test -->
  </suite> <!-- Suite -->
</testng-results>
